10-01 16:24:26 com_github_MitjaNemec_ReplicateLayout.action_replicate_layout 312:Plugin executed on: 'win32'
10-01 16:24:26 com_github_MitjaNemec_ReplicateLayout.action_replicate_layout 313:Plugin executed with python version: '3.9.14 (main, Sep 19 2022, 05:11:57) [MSC v.1932 64 bit (AMD64)]'
10-01 16:24:26 com_github_MitjaNemec_ReplicateLayout.action_replicate_layout 314:KiCad build version: (6.0.9)
10-01 16:24:26 com_github_MitjaNemec_ReplicateLayout.action_replicate_layout 315:Plugin version: 1.2.2
10-01 16:24:26 com_github_MitjaNemec_ReplicateLayout.action_replicate_layout 316:Frame repr: <wx._core.Frame object at 0x000002BA445FB550>
10-01 16:24:26 com_github_MitjaNemec_ReplicateLayout.action_replicate_layout 340:Preparing replicator with D59 as a reference
10-01 16:24:26 com_github_MitjaNemec_ReplicateLayout.replicate_layout 106:getting a list of all footprints on board
10-01 16:24:26 com_github_MitjaNemec_ReplicateLayout.replicate_layout 118:Footprint G*** does not have Sheetfile property, it will not be replicated. Most likely it is only in schematics
10-01 16:24:26 com_github_MitjaNemec_ReplicateLayout.replicate_layout 118:Footprint G*** does not have Sheetfile property, it will not be replicated. Most likely it is only in schematics
10-01 16:24:26 com_github_MitjaNemec_ReplicateLayout.replicate_layout 118:Footprint G*** does not have Sheetfile property, it will not be replicated. Most likely it is only in schematics
10-01 16:24:26 com_github_MitjaNemec_ReplicateLayout.replicate_layout 118:Footprint G*** does not have Sheetfile property, it will not be replicated. Most likely it is only in schematics
10-01 16:24:26 com_github_MitjaNemec_ReplicateLayout.replicate_layout 118:Footprint G*** does not have Sheetfile property, it will not be replicated. Most likely it is only in schematics
10-01 16:24:26 com_github_MitjaNemec_ReplicateLayout.replicate_layout 118:Footprint G*** does not have Sheetfile property, it will not be replicated. Most likely it is only in schematics
10-01 16:24:26 com_github_MitjaNemec_ReplicateLayout.action_replicate_layout 364:source anchor footprint is 'D59'
Located on: []
With filenames: []
With sheet_id:[]
10-01 16:24:26 com_github_MitjaNemec_ReplicateLayout.action_replicate_layout 371:Corresponding footprints are 
[('D59', [])]
10-01 16:24:26 com_github_MitjaNemec_ReplicateLayout.action_replicate_layout 383:Showing dialog
